info t=2016-01-26T21:02:06.943Z Cinnamon.AppSystem.get_default() started in 133 ms
info t=2016-01-26T21:02:06.949Z loading user theme: /usr/share/themes/Linux Mint/cinnamon/cinnamon.css
info t=2016-01-26T21:02:06.977Z added icon directory: /usr/share/themes/Linux Mint/cinnamon
info t=2016-01-26T21:02:07.059Z PlacesManager: Updating devices
info t=2016-01-26T21:02:07.084Z loaded at Tue Jan 26 2016 16:02:07 GMT-0500 (EST)
info t=2016-01-26T21:02:07.566Z Loaded applet menu@cinnamon.org in 479 ms
info t=2016-01-26T21:02:07.573Z Loaded applet show-desktop@cinnamon.org in 7 ms
info t=2016-01-26T21:02:07.612Z Role locked: panellauncher
info t=2016-01-26T21:02:07.613Z Loaded applet panel-launchers@cinnamon.org in 39 ms
info t=2016-01-26T21:02:07.626Z Loaded applet window-list@cinnamon.org in 13 ms
info t=2016-01-26T21:02:07.637Z Role locked: notifications
info t=2016-01-26T21:02:07.643Z Loaded applet notifications@cinnamon.org in 17 ms
info t=2016-01-26T21:02:07.671Z Loaded applet user@cinnamon.org in 26 ms
info t=2016-01-26T21:02:07.682Z Loaded applet removable-drives@cinnamon.org in 11 ms
info t=2016-01-26T21:02:07.717Z Loaded applet keyboard@cinnamon.org in 34 ms
info t=2016-01-26T21:02:07.749Z Loaded applet bluetooth@cinnamon.org in 31 ms
info t=2016-01-26T21:02:07.823Z Loaded applet network@cinnamon.org in 73 ms
info t=2016-01-26T21:02:07.869Z Loaded applet sound@cinnamon.org in 45 ms
info t=2016-01-26T21:02:07.890Z Loaded applet power@cinnamon.org in 20 ms
info t=2016-01-26T21:02:07.901Z Loaded applet systray@cinnamon.org in 10 ms
info t=2016-01-26T21:02:07.925Z Loaded applet calendar@cinnamon.org in 23 ms
info t=2016-01-26T21:02:07.936Z Loaded applet windows-quick-list@cinnamon.org in 10 ms
info t=2016-01-26T21:02:07.936Z AppletManager.init() started in 851 ms
info t=2016-01-26T21:02:07.938Z Cinnamon took 1206 ms to start
info t=2016-01-26T21:02:08.152Z Hiding indicator (role already handled): nm-applet
info t=2016-01-26T21:02:27.466Z Adding systray: mintupdate.py (20x20px)
